Using pre-set license
Built from '2020.3/staging' branch; Version is '2020.3.4f1 (0abb6314276a) revision 703331'; Using compiler version '192528614'; Build Type 'Release'
OS: 'Windows 10 Education; OS build 19042.867; Version 2009; 64bit' Language: 'en' Physical Memory: 16099 MB
BatchMode: 1, IsHumanControllingUs: 0, StartBugReporterOnCrash: 0, Is64bit: 1, IsPro: 0

 COMMAND LINE ARGUMENTS:
C:\Program Files\Unity\Hub\Editor\2020.3.4f1\Editor\Unity.exe
-adb2
-batchMode
-noUpm
-name
AssetImportWorker0
-projectPath
C:/Users/a.kibret/Unity Projects/rube goldberg
-logFile
Logs/AssetImportWorker0.log
-srvPort
53885
Successfully changed project path to: C:/Users/a.kibret/Unity Projects/rube goldberg
C:/Users/a.kibret/Unity Projects/rube goldberg
Using Asset Import Pipeline V2.
Refreshing native plugins compatible for Editor in 33.49 ms, found 0 plugins.
Preloading 0 native plugins for Editor in 0.00 ms.
Initialize engine version: 2020.3.4f1 (0abb6314276a)
[Subsystems] Discovering subsystems at path C:/Program Files/Unity/Hub/Editor/2020.3.4f1/Editor/Data/Resources/UnitySubsystems
[Subsystems] Discovering subsystems at path C:/Users/a.kibret/Unity Projects/rube goldberg/Assets
GfxDevice: creating device client; threaded=0
Direct3D:
    Version:  Direct3D 11.0 [level 11.1]
    Renderer: Intel(R) UHD Graphics 630 (ID=0x9bc8)
    Vendor:   
    VRAM:     8049 MB
    Driver:   26.20.100.8141
Initialize mono
Mono path[0] = 'C:/Program Files/Unity/Hub/Editor/2020.3.4f1/Editor/Data/Managed'
Mono path[1] = 'C:/Program Files/Unity/Hub/Editor/2020.3.4f1/Editor/Data/MonoBleedingEdge/lib/mono/unityjit'
Mono config path = 'C:/Program Files/Unity/Hub/Editor/2020.3.4f1/Editor/Data/MonoBleedingEdge/etc'
Using monoOptions --debugger-agent=transport=dt_socket,embedding=1,server=y,suspend=n,address=127.0.0.1:56520
Begin MonoManager ReloadAssembly
Registering precompiled unity dll's ...
Register platform support module: C:/Program Files/Unity/Hub/Editor/2020.3.4f1/Editor/Data/PlaybackEngines/WebGLSupport/UnityEditor.WebGL.Extensions.dll
Register platform support module: C:/Program Files/Unity/Hub/Editor/2020.3.4f1/Editor/Data/PlaybackEngines/WindowsStandaloneSupport/UnityEditor.WindowsStandalone.Extensions.dll
Registered in 0.135126 seconds.
Native extension for WindowsStandalone target not found
Native extension for WebGL target not found
Refreshing native plugins compatible for Editor in 22.70 ms, found 0 plugins.
Preloading 0 native plugins for Editor in 0.00 ms.
Mono: successfully reloaded assembly
- Completed reload, in  3.046 seconds
Platform modules already initialized, skipping
Registering precompiled user dll's ...
Registered in 0.077568 seconds.
Begin MonoManager ReloadAssembly
Native extension for WindowsStandalone target not found
Native extension for WebGL target not found
Refreshing native plugins compatible for Editor in 0.21 ms, found 0 plugins.
Preloading 0 native plugins for Editor in 0.00 ms.
Mono: successfully reloaded assembly
- Completed reload, in  1.689 seconds
Platform modules already initialized, skipping
========================================================================
Worker process is ready to serve import requests
Launched and connected shader compiler UnityShaderCompiler.exe after 0.07 seconds
Refreshing native plugins compatible for Editor in 0.22 ms, found 0 plugins.
Preloading 0 native plugins for Editor in 0.00 ms.
Unloading 1390 Unused Serialized files (Serialized files now loaded: 0)
System memory in use before: 70.4 MB.
System memory in use after: 70.5 MB.

Unloading 10 unused Assets to reduce memory usage. Loaded Objects now: 1832.
Total: 1.463000 ms (FindLiveObjects: 0.138000 ms CreateObjectMapping: 0.032000 ms MarkObjects: 1.244300 ms  DeleteObjects: 0.048000 ms)

========================================================================
Received Import Request.
  path: Assets/Materials/gold.mat
  artifactKey: Guid(b05c1c975753e1646a862974685a59c0) Importer(815301076,1909f56bfc062723c751e8b465ee728b)
Start importing Assets/Materials/gold.mat using Guid(b05c1c975753e1646a862974685a59c0) Importer(815301076,1909f56bfc062723c751e8b465ee728b)  -> (artifact id: 'cfccf4409cbcf7317249ac35fe98834a') in 0.330859 seconds
  Import took 0.333307 seconds .

========================================================================
Received Import Request.
  Time since last request: 0.000764 seconds.
  path: Assets/Materials/stonetile.mat
  artifactKey: Guid(b5cdfb5c01fed4145ba0b1bd20a9784c) Importer(815301076,1909f56bfc062723c751e8b465ee728b)
Start importing Assets/Materials/stonetile.mat using Guid(b5cdfb5c01fed4145ba0b1bd20a9784c) Importer(815301076,1909f56bfc062723c751e8b465ee728b)  -> (artifact id: 'ba72f4335b53cf442820dc570a4d2b06') in 0.037490 seconds
  Import took 0.040536 seconds .

========================================================================
Received Import Request.
  Time since last request: 0.000203 seconds.
  path: Assets/Materials/marble.mat
  artifactKey: Guid(116bbbc7b9c830b4ea801302b4a2fd65) Importer(815301076,1909f56bfc062723c751e8b465ee728b)
Start importing Assets/Materials/marble.mat using Guid(116bbbc7b9c830b4ea801302b4a2fd65) Importer(815301076,1909f56bfc062723c751e8b465ee728b)  -> (artifact id: '6fcd580700db83640b8e3343490afa88') in 0.021456 seconds
  Import took 0.023939 seconds .

========================================================================
Received Import Request.
  Time since last request: 0.000133 seconds.
  path: Assets/Scenes
  artifactKey: Guid(3684c10abb675ac4d9ff7dd2b42b9530) Importer(815301076,1909f56bfc062723c751e8b465ee728b)
Start importing Assets/Scenes using Guid(3684c10abb675ac4d9ff7dd2b42b9530) Importer(815301076,1909f56bfc062723c751e8b465ee728b)  -> (artifact id: '84e2706a11bb8f79c0a58c019ae5b04e') in 0.004857 seconds
  Import took 0.007913 seconds .

========================================================================
Received Import Request.
  Time since last request: 0.000265 seconds.
  path: Assets/Materials
  artifactKey: Guid(b224822d5aa6f6f4689bd227eca1835f) Importer(815301076,1909f56bfc062723c751e8b465ee728b)
Start importing Assets/Materials using Guid(b224822d5aa6f6f4689bd227eca1835f) Importer(815301076,1909f56bfc062723c751e8b465ee728b)  -> (artifact id: '725f440d5519b2360a696dc3fd0a13c0') in 0.006196 seconds
  Import took 0.008937 seconds .

========================================================================
Received Import Request.
  Time since last request: 0.000257 seconds.
  path: Assets/Materials/fabric.mat
  artifactKey: Guid(2b68fb93df4177e4397007475b347c15) Importer(815301076,1909f56bfc062723c751e8b465ee728b)
Start importing Assets/Materials/fabric.mat using Guid(2b68fb93df4177e4397007475b347c15) Importer(815301076,1909f56bfc062723c751e8b465ee728b)  -> (artifact id: '6c1f44678252f628a451eff1decf6cac') in 0.032791 seconds
  Import took 0.035419 seconds .

========================================================================
Received Import Request.
  Time since last request: 0.000150 seconds.
  path: Assets/Materials/fingerpintmetal.mat
  artifactKey: Guid(dce51dc0e1ae63c44b9401ab77b70a7c) Importer(815301076,1909f56bfc062723c751e8b465ee728b)
Start importing Assets/Materials/fingerpintmetal.mat using Guid(dce51dc0e1ae63c44b9401ab77b70a7c) Importer(815301076,1909f56bfc062723c751e8b465ee728b)  -> (artifact id: '7cff69de5f1b2eb94458f9586dff4911') in 0.249197 seconds
  Import took 0.251464 seconds .

========================================================================
Received Import Request.
  Time since last request: 0.000233 seconds.
  path: Assets/Materials/rtx.mat
  artifactKey: Guid(a0e33e994f1cc9442bcbc08aed6c4f8c) Importer(815301076,1909f56bfc062723c751e8b465ee728b)
Start importing Assets/Materials/rtx.mat using Guid(a0e33e994f1cc9442bcbc08aed6c4f8c) Importer(815301076,1909f56bfc062723c751e8b465ee728b)  -> (artifact id: '9333e1c6685b3f755a1c1999c3119bcd') in 0.231389 seconds
  Import took 0.233585 seconds .

========================================================================
Received Import Request.
  Time since last request: 0.000235 seconds.
  path: Assets/Scenes/SampleScene.unity
  artifactKey: Guid(9fc0d4010bbf28b4594072e72b8655ab) Importer(815301076,1909f56bfc062723c751e8b465ee728b)
Start importing Assets/Scenes/SampleScene.unity using Guid(9fc0d4010bbf28b4594072e72b8655ab) Importer(815301076,1909f56bfc062723c751e8b465ee728b)  -> (artifact id: 'af1867a04a6302d622ac64e968f16b9f') in 0.006912 seconds
  Import took 0.009377 seconds .

========================================================================
Received Import Request.
  Time since last request: 0.000185 seconds.
  path: Assets/Materials/metal.mat
  artifactKey: Guid(d256afba3d6fada4f995ce22f2594794) Importer(815301076,1909f56bfc062723c751e8b465ee728b)
Start importing Assets/Materials/metal.mat using Guid(d256afba3d6fada4f995ce22f2594794) Importer(815301076,1909f56bfc062723c751e8b465ee728b)  -> (artifact id: '61fddd10686a1a4cba7a4a960e04d3d9') in 0.034069 seconds
  Import took 0.037387 seconds .

========================================================================
Received Import Request.
  Time since last request: 27.983916 seconds.
  path: Assets/Scripts
  artifactKey: Guid(9e62222ef1787c045bc47adec9074580) Importer(815301076,1909f56bfc062723c751e8b465ee728b)
Start importing Assets/Scripts using Guid(9e62222ef1787c045bc47adec9074580) Importer(815301076,1909f56bfc062723c751e8b465ee728b)  -> (artifact id: '37820bb7e34c5e2fcdcccc987e1dea8c') in 0.061495 seconds
  Import took 0.064998 seconds .

AssetImportWorkerClient::OnTransportError - code=2 error=End of file
